# Logfile created on 2025-05-07 08:15:47 +0000 by logger.rb/v1.6.6
A, [2025-05-07T08:15:47.883556 #2030]   ANY -- : healthd daemon 1.0.7 initialized
W, [2025-05-07T08:15:47.942638 #2030]  WARN -- : log file "/var/log/nginx/healthd/application.log.2025-05-07-08" does not exist
W, [2025-05-07T08:15:52.944100 #2030]  WARN -- : log file "/var/log/nginx/healthd/application.log.2025-05-07-08" does not exist
F, [2025-05-07T08:18:52.943616 #2030] FATAL -- : /opt/elasticbeanstalk/lib/ruby/lib/ruby/gems/3.4.0/gems/puma-6.6.0/lib/puma/launcher.rb:447:in 'block in Puma::Launcher#setup_signals': SIGTERM (SignalException)
	from /opt/elasticbeanstalk/lib/ruby/lib/ruby/gems/3.4.0/gems/puma-6.6.0/lib/puma/single.rb:63:in 'Thread#join'
	from /opt/elasticbeanstalk/lib/ruby/lib/ruby/gems/3.4.0/gems/puma-6.6.0/lib/puma/single.rb:63:in 'Puma::Single#run'
	from /opt/elasticbeanstalk/lib/ruby/lib/ruby/gems/3.4.0/gems/puma-6.6.0/lib/puma/launcher.rb:203:in 'Puma::Launcher#run'
	from /opt/elasticbeanstalk/lib/ruby/lib/ruby/gems/3.4.0/gems/puma-6.6.0/lib/puma/cli.rb:75:in 'Puma::CLI#run'
	from /opt/elasticbeanstalk/lib/ruby/lib/ruby/gems/3.4.0/gems/healthd-1.0.7/bin/healthd:112:in 'block in <top (required)>'
	from /opt/elasticbeanstalk/lib/ruby/lib/ruby/gems/3.4.0/gems/healthd-1.0.7/bin/healthd:19:in 'Dir.chdir'
	from /opt/elasticbeanstalk/lib/ruby/lib/ruby/gems/3.4.0/gems/healthd-1.0.7/bin/healthd:19:in '<top (required)>'
	from /opt/elasticbeanstalk/lib/ruby/bin/healthd:25:in 'Kernel#load'
	from /opt/elasticbeanstalk/lib/ruby/bin/healthd:25:in '<main>'
A, [2025-05-07T08:18:55.003425 #2673]   ANY -- : healthd daemon 1.0.7 initialized
W, [2025-05-07T08:19:05.092184 #2673]  WARN -- : discarding statistic item after validation error (Invalid timestamp): {id: "0", namespace: "application", timestamp: 1746605850, data: "{\"duration\":10,\"latency_histogram\":[[0.0,1],[0.001,1]],\"http_counters\":{\"status_502\":2,\"request_count\":2}}"}
F, [2025-05-07T08:36:07.733744 #2673] FATAL -- : /opt/elasticbeanstalk/lib/ruby/lib/ruby/gems/3.4.0/gems/puma-6.6.0/lib/puma/launcher.rb:447:in 'block in Puma::Launcher#setup_signals': SIGTERM (SignalException)
	from /opt/elasticbeanstalk/lib/ruby/lib/ruby/gems/3.4.0/gems/puma-6.6.0/lib/puma/single.rb:63:in 'Thread#join'
	from /opt/elasticbeanstalk/lib/ruby/lib/ruby/gems/3.4.0/gems/puma-6.6.0/lib/puma/single.rb:63:in 'Puma::Single#run'
	from /opt/elasticbeanstalk/lib/ruby/lib/ruby/gems/3.4.0/gems/puma-6.6.0/lib/puma/launcher.rb:203:in 'Puma::Launcher#run'
	from /opt/elasticbeanstalk/lib/ruby/lib/ruby/gems/3.4.0/gems/puma-6.6.0/lib/puma/cli.rb:75:in 'Puma::CLI#run'
	from /opt/elasticbeanstalk/lib/ruby/lib/ruby/gems/3.4.0/gems/healthd-1.0.7/bin/healthd:112:in 'block in <top (required)>'
	from /opt/elasticbeanstalk/lib/ruby/lib/ruby/gems/3.4.0/gems/healthd-1.0.7/bin/healthd:19:in 'Dir.chdir'
	from /opt/elasticbeanstalk/lib/ruby/lib/ruby/gems/3.4.0/gems/healthd-1.0.7/bin/healthd:19:in '<top (required)>'
	from /opt/elasticbeanstalk/lib/ruby/bin/healthd:25:in 'Kernel#load'
	from /opt/elasticbeanstalk/lib/ruby/bin/healthd:25:in '<main>'
A, [2025-05-07T08:36:09.720625 #3948]   ANY -- : healthd daemon 1.0.7 initialized
W, [2025-05-07T08:36:19.795655 #3948]  WARN -- : discarding statistic item after validation error (Invalid timestamp): {id: "0", namespace: "application", timestamp: 1746606880, data: "{\"duration\":10,\"latency_histogram\":[[0.0,1]],\"http_counters\":{\"status_502\":1,\"request_count\":1}}"}
F, [2025-05-07T08:54:48.971507 #3948] FATAL -- : /opt/elasticbeanstalk/lib/ruby/lib/ruby/gems/3.4.0/gems/puma-6.6.0/lib/puma/launcher.rb:447:in 'block in Puma::Launcher#setup_signals': SIGTERM (SignalException)
	from /opt/elasticbeanstalk/lib/ruby/lib/ruby/gems/3.4.0/gems/puma-6.6.0/lib/puma/single.rb:63:in 'Thread#join'
	from /opt/elasticbeanstalk/lib/ruby/lib/ruby/gems/3.4.0/gems/puma-6.6.0/lib/puma/single.rb:63:in 'Puma::Single#run'
	from /opt/elasticbeanstalk/lib/ruby/lib/ruby/gems/3.4.0/gems/puma-6.6.0/lib/puma/launcher.rb:203:in 'Puma::Launcher#run'
	from /opt/elasticbeanstalk/lib/ruby/lib/ruby/gems/3.4.0/gems/puma-6.6.0/lib/puma/cli.rb:75:in 'Puma::CLI#run'
	from /opt/elasticbeanstalk/lib/ruby/lib/ruby/gems/3.4.0/gems/healthd-1.0.7/bin/healthd:112:in 'block in <top (required)>'
	from /opt/elasticbeanstalk/lib/ruby/lib/ruby/gems/3.4.0/gems/healthd-1.0.7/bin/healthd:19:in 'Dir.chdir'
	from /opt/elasticbeanstalk/lib/ruby/lib/ruby/gems/3.4.0/gems/healthd-1.0.7/bin/healthd:19:in '<top (required)>'
	from /opt/elasticbeanstalk/lib/ruby/bin/healthd:25:in 'Kernel#load'
	from /opt/elasticbeanstalk/lib/ruby/bin/healthd:25:in '<main>'
A, [2025-05-07T08:54:50.949352 #5303]   ANY -- : healthd daemon 1.0.7 initialized
W, [2025-05-07T08:55:01.040426 #5303]  WARN -- : discarding statistic item after validation error (Invalid timestamp): {id: "0", namespace: "application", timestamp: 1746608010, data: "{\"duration\":10,\"latency_histogram\":[[0.0,2]],\"http_counters\":{\"status_502\":2,\"request_count\":2}}"}
W, [2025-05-07T09:00:00.210089 #5303]  WARN -- : log file "/var/log/nginx/healthd/application.log.2025-05-07-09" does not exist
W, [2025-05-07T09:00:05.210361 #5303]  WARN -- : log file "/var/log/nginx/healthd/application.log.2025-05-07-09" does not exist
W, [2025-05-07T09:00:10.210617 #5303]  WARN -- : log file "/var/log/nginx/healthd/application.log.2025-05-07-09" does not exist
F, [2025-05-07T09:03:45.683529 #5303] FATAL -- : /opt/elasticbeanstalk/lib/ruby/lib/ruby/gems/3.4.0/gems/puma-6.6.0/lib/puma/launcher.rb:447:in 'block in Puma::Launcher#setup_signals': SIGTERM (SignalException)
	from /opt/elasticbeanstalk/lib/ruby/lib/ruby/gems/3.4.0/gems/puma-6.6.0/lib/puma/single.rb:63:in 'Thread#join'
	from /opt/elasticbeanstalk/lib/ruby/lib/ruby/gems/3.4.0/gems/puma-6.6.0/lib/puma/single.rb:63:in 'Puma::Single#run'
	from /opt/elasticbeanstalk/lib/ruby/lib/ruby/gems/3.4.0/gems/puma-6.6.0/lib/puma/launcher.rb:203:in 'Puma::Launcher#run'
	from /opt/elasticbeanstalk/lib/ruby/lib/ruby/gems/3.4.0/gems/puma-6.6.0/lib/puma/cli.rb:75:in 'Puma::CLI#run'
	from /opt/elasticbeanstalk/lib/ruby/lib/ruby/gems/3.4.0/gems/healthd-1.0.7/bin/healthd:112:in 'block in <top (required)>'
	from /opt/elasticbeanstalk/lib/ruby/lib/ruby/gems/3.4.0/gems/healthd-1.0.7/bin/healthd:19:in 'Dir.chdir'
	from /opt/elasticbeanstalk/lib/ruby/lib/ruby/gems/3.4.0/gems/healthd-1.0.7/bin/healthd:19:in '<top (required)>'
	from /opt/elasticbeanstalk/lib/ruby/bin/healthd:25:in 'Kernel#load'
	from /opt/elasticbeanstalk/lib/ruby/bin/healthd:25:in '<main>'
A, [2025-05-07T09:03:47.380031 #6354]   ANY -- : healthd daemon 1.0.7 initialized
W, [2025-05-07T09:03:57.472075 #6354]  WARN -- : discarding statistic item after validation error (Invalid timestamp): {id: "0", namespace: "application", timestamp: 1746608540, data: "{\"duration\":10,\"latency_histogram\":[[0.0,2]],\"http_counters\":{\"status_502\":2,\"request_count\":2}}"}
