2025-05-07 08:13:37,672 P1680 [INFO] ************************************************************
2025-05-07 08:13:37,672 P1680 [INFO] ConfigSet _OnInstanceBoot
2025-05-07 08:13:37,675 P1680 [INFO] ++++++++++++++++++++++++++++++++++++++++++++++++++++++++++++
2025-05-07 08:13:37,675 P1680 [INFO] Config AWSEBBaseConfig
2025-05-07 08:13:38,121 P1680 [INFO] ============================================================
2025-05-07 08:13:38,121 P1680 [INFO] Command clearbackupfiles
2025-05-07 08:13:38,132 P1680 [INFO] Completed successfully.
2025-05-07 08:13:38,137 P1680 [INFO] ++++++++++++++++++++++++++++++++++++++++++++++++++++++++++++
2025-05-07 08:13:38,137 P1680 [INFO] Config AWSEBCfnHupEndpointOverride
2025-05-07 08:13:38,138 P1680 [INFO] ============================================================
2025-05-07 08:13:38,138 P1680 [INFO] Command clearbackupfiles
2025-05-07 08:13:38,143 P1680 [INFO] Completed successfully.
2025-05-07 08:15:45,903 P1944 [INFO] ************************************************************
2025-05-07 08:15:45,903 P1944 [INFO] ConfigSet Infra-EmbeddedPreBuild
2025-05-07 08:15:48,427 P2061 [INFO] ************************************************************
2025-05-07 08:15:48,427 P2061 [INFO] ConfigSet Infra-EmbeddedPostBuild
2025-05-07 08:18:55,669 P2704 [INFO] ************************************************************
2025-05-07 08:18:55,669 P2704 [INFO] ConfigSet Infra-EmbeddedPostBuild
2025-05-07 08:36:10,391 P3977 [INFO] ************************************************************
2025-05-07 08:36:10,391 P3977 [INFO] ConfigSet Infra-EmbeddedPostBuild
2025-05-07 08:54:48,735 P5159 [INFO] ************************************************************
2025-05-07 08:54:48,735 P5159 [INFO] ConfigSet Infra-EmbeddedPreBuild
2025-05-07 08:54:51,668 P5332 [INFO] ************************************************************
2025-05-07 08:54:51,668 P5332 [INFO] ConfigSet Infra-EmbeddedPostBuild
2025-05-07 09:03:45,389 P6150 [INFO] ************************************************************
2025-05-07 09:03:45,389 P6150 [INFO] ConfigSet Infra-EmbeddedPreBuild
2025-05-07 09:03:48,027 P6384 [INFO] ************************************************************
2025-05-07 09:03:48,027 P6384 [INFO] ConfigSet Infra-EmbeddedPostBuild
