2025-05-07 09:29:19,564 P1674 [INFO] ************************************************************
2025-05-07 09:29:19,564 P1674 [INFO] ConfigSet _OnInstanceBoot
2025-05-07 09:29:19,567 P1674 [INFO] ++++++++++++++++++++++++++++++++++++++++++++++++++++++++++++
2025-05-07 09:29:19,568 P1674 [INFO] Config AWSEBBaseConfig
2025-05-07 09:29:19,913 P1674 [INFO] ============================================================
2025-05-07 09:29:19,913 P1674 [INFO] Command clearbackupfiles
2025-05-07 09:29:19,924 P1674 [INFO] Completed successfully.
2025-05-07 09:29:19,929 P1674 [INFO] ++++++++++++++++++++++++++++++++++++++++++++++++++++++++++++
2025-05-07 09:29:19,929 P1674 [INFO] Config AWSEBCfnHupEndpointOverride
2025-05-07 09:29:19,942 P1674 [INFO] ============================================================
2025-05-07 09:29:19,942 P1674 [INFO] Command clearbackupfiles
2025-05-07 09:29:19,947 P1674 [INFO] Completed successfully.
2025-05-07 09:31:40,654 P1948 [INFO] ************************************************************
2025-05-07 09:31:40,654 P1948 [INFO] ConfigSet Infra-EmbeddedPreBuild
2025-05-07 09:31:43,361 P2124 [INFO] ************************************************************
2025-05-07 09:31:43,361 P2124 [INFO] ConfigSet Infra-EmbeddedPostBuild
2025-05-07 09:50:58,142 P3197 [INFO] ************************************************************
2025-05-07 09:50:58,142 P3197 [INFO] ConfigSet Infra-EmbeddedPreBuild
2025-05-07 09:51:01,148 P3430 [INFO] ************************************************************
2025-05-07 09:51:01,148 P3430 [INFO] ConfigSet Infra-EmbeddedPostBuild
