2025-01-24 13:18:56,453 [INFO] -----------------------Starting build-----------------------
2025-01-24 13:18:56,474 [INFO] Running configSets: _OnInstanceBoot
2025-01-24 13:18:56,477 [INFO] Running configSet _OnInstanceBoot
2025-01-24 13:18:56,480 [INFO] Running config AWSEBBaseConfig
2025-01-24 13:18:57,168 [INFO] Command clearbackupfiles succeeded
2025-01-24 13:18:57,173 [INFO] Running config AWSEBCfnHupEndpointOverride
2025-01-24 13:18:57,186 [INFO] Command clearbackupfiles succeeded
2025-01-24 13:18:57,187 [INFO] ConfigSets completed
2025-01-24 13:18:57,188 [INFO] -----------------------Build complete-----------------------
2025-01-24 13:21:00,404 [INFO] -----------------------Starting build-----------------------
2025-01-24 13:21:00,415 [INFO] Running configSets: Infra-EmbeddedPreBuild
2025-01-24 13:21:00,416 [INFO] Running configSet Infra-EmbeddedPreBuild
2025-01-24 13:21:00,417 [INFO] ConfigSets completed
2025-01-24 13:21:00,417 [INFO] -----------------------Build complete-----------------------
2025-01-24 13:31:29,669 [INFO] -----------------------Starting build-----------------------
2025-01-24 13:31:29,679 [INFO] Running configSets: Infra-EmbeddedPreBuild
2025-01-24 13:31:29,682 [INFO] Running configSet Infra-EmbeddedPreBuild
2025-01-24 13:31:29,682 [INFO] ConfigSets completed
2025-01-24 13:31:29,683 [INFO] -----------------------Build complete-----------------------
2025-01-24 13:31:33,418 [INFO] -----------------------Starting build-----------------------
2025-01-24 13:31:33,424 [INFO] Running configSets: Infra-EmbeddedPostBuild
2025-01-24 13:31:33,427 [INFO] Running configSet Infra-EmbeddedPostBuild
2025-01-24 13:31:33,427 [INFO] ConfigSets completed
2025-01-24 13:31:33,427 [INFO] -----------------------Build complete-----------------------
